mode: set
github.com/fzambone/go-bookings-app/internal/render/render.go:20.40,22.2 1 1
github.com/fzambone/go-bookings-app/internal/render/render.go:24.84,30.2 5 1
github.com/fzambone/go-bookings-app/internal/render/render.go:33.105,36.18 2 1
github.com/fzambone/go-bookings-app/internal/render/render.go:36.18,39.3 1 0
github.com/fzambone/go-bookings-app/internal/render/render.go:39.8,41.3 1 1
github.com/fzambone/go-bookings-app/internal/render/render.go:43.2,44.9 2 1
github.com/fzambone/go-bookings-app/internal/render/render.go:44.10,47.3 0 0
github.com/fzambone/go-bookings-app/internal/render/render.go:49.2,56.16 5 1
github.com/fzambone/go-bookings-app/internal/render/render.go:56.16,59.3 2 0
github.com/fzambone/go-bookings-app/internal/render/render.go:61.2,61.12 1 1
github.com/fzambone/go-bookings-app/internal/render/render.go:66.67,71.16 3 1
github.com/fzambone/go-bookings-app/internal/render/render.go:71.16,73.3 1 0
github.com/fzambone/go-bookings-app/internal/render/render.go:75.2,75.29 1 1
github.com/fzambone/go-bookings-app/internal/render/render.go:75.29,78.17 3 1
github.com/fzambone/go-bookings-app/internal/render/render.go:78.17,80.4 1 0
github.com/fzambone/go-bookings-app/internal/render/render.go:82.3,83.17 2 1
github.com/fzambone/go-bookings-app/internal/render/render.go:83.17,85.4 1 0
github.com/fzambone/go-bookings-app/internal/render/render.go:87.3,87.23 1 1
github.com/fzambone/go-bookings-app/internal/render/render.go:87.23,89.18 2 1
github.com/fzambone/go-bookings-app/internal/render/render.go:89.18,91.5 1 0
github.com/fzambone/go-bookings-app/internal/render/render.go:94.3,94.21 1 1
github.com/fzambone/go-bookings-app/internal/render/render.go:97.2,97.21 1 1
